<?xml version="1.0" encoding="UTF-8"?>
<!-- Generated by org.testng.reporters.JUnitReportReporter -->
<testsuite skipped="0" hostname="Prabhagarans-MacBook-Pro.local" name="DemoSite.LoginPage" tests="4" failures="0" timestamp="10 Apr 2019 18:23:58 GMT" time="48.041" errors="0">
  <testcase name="loginMethod" time="8.598" classname="DemoSite.LoginPage"/>
  <testcase name="loginMethod" time="8.580" classname="DemoSite.LoginPage"/>
  <testcase name="loginMethod" time="21.308" classname="DemoSite.LoginPage"/>
  <testcase name="loginMethod" time="9.555" classname="DemoSite.LoginPage"/>
</testsuite> <!-- DemoSite.LoginPage -->
