<?xml version="1.0" encoding="UTF-8"?>
<!-- Generated by org.testng.reporters.JUnitReportReporter -->
<testsuite skipped="0" hostname="Prabhagarans-MacBook-Pro.local" name="test.LoginPageTest" tests="3" failures="0" timestamp="13 Apr 2019 01:14:13 GMT" time="81.334" errors="0">
  <testcase name="loginMethod" time="14.792" classname="test.LoginPageTest"/>
  <testcase name="loginMethod" time="52.540" classname="test.LoginPageTest"/>
  <testcase name="test2" time="14.002" classname="test.LoginPageTest"/>
</testsuite> <!-- test.LoginPageTest -->
